p_ACT_seq.R, version 1.2 
************************************************
Sequential p_ACT for smallest p-values 
 
Trait	       SNP	        p	   p_ACT
    y	  rs965660	0.0001001	0.064419
    y	rs10094493	0.0012890	      NA
    y	 rs2511669	0.0027420	      NA
    y	rs10955341	0.0048480	      NA
    y	rs11785817	0.0079980	      NA
    y	 rs1265143	0.0094630	      NA
    y	  rs648119	0.0112000	      NA
    y	rs13263724	0.0128700	      NA
    y	rs17186961	0.0129000	      NA
    y	 rs7004002	0.0137000	      NA
    y	 rs1269715	0.0142300	      NA
    y	rs12681882	0.0145200	      NA
    y	rs16899294	0.0157300	      NA
    y	 rs1264461	0.0174700	      NA
    y	 rs1809286	0.0178700	      NA
    y	exm2262391	0.0186600	      NA
    y	rs10105774	0.0186600	      NA
    y	 rs2045672	0.0189900	      NA
    y	rs13279815	0.0196600	      NA
    y	 rs1438349	0.0197200	      NA
    y	rs10086534	0.0213300	      NA
    y	rs10089226	0.0218700	      NA
    y	rs10097780	0.0218700	      NA
    y	  rs930148	0.0218700	      NA
    y	  rs718635	0.0234800	      NA
    y	 rs1264471	0.0240000	      NA
    y	 rs6984008	0.0240900	      NA
    y	 rs2511549	0.0243200	      NA
    y	 rs7003310	0.0243400	      NA
    y	rs16870060	0.0245100	      NA
    y	rs11787091	0.0252800	      NA
    y	  rs527421	0.0254400	      NA
    y	 rs2166646	0.0255500	      NA
    y	rs16871199	0.0255600	      NA
    y	rs10106504	0.0255900	      NA
    y	rs13267303	0.0264700	      NA
    y	rs10098190	0.0265300	      NA
    y	 rs6468801	0.0270300	      NA
    y	 rs1000421	0.0273300	      NA
    y	rs13258434	0.0275600	      NA
    y	rs10105250	0.0280900	      NA
    y	 rs1125334	0.0282500	      NA
    y	 rs7002389	0.0286900	      NA
    y	rs16870937	0.0287700	      NA
    y	 rs1347322	0.0288700	      NA
    y	rs13261776	0.0291600	      NA
    y	 rs7844766	0.0291600	      NA
    y	 rs4734805	0.0311800	      NA
    y	 rs9297304	0.0320700	      NA
    y	 rs2511636	0.0322500	      NA
    y	 rs1465167	0.0325800	      NA
    y	rs11775279	0.0326000	      NA
    y	 rs7831729	0.0330000	      NA
    y	 rs6998277	0.0333300	      NA
    y	 rs2511642	0.0334000	      NA
    y	 rs6468966	0.0334200	      NA
    y	 rs9969594	0.0339900	      NA
    y	 rs6980991	0.0340000	      NA
    y	  rs610125	0.0360400	      NA
    y	rs11990797	0.0367200	      NA
    y	 rs2511733	0.0374200	      NA
    y	rs13250522	0.0382600	      NA
    y	 rs1573285	0.0410100	      NA
    y	 rs4734648	0.0414400	      NA
    y	 rs2441905	0.0428500	      NA
    y	rs10106346	0.0430500	      NA
    y	rs17381828	0.0456500	      NA
    y	 rs4734594	0.0458800	      NA
    y	 rs6468792	0.0469200	      NA
    y	 rs1264466	0.0486700	      NA
    y	  rs667737	0.0490600	      NA
    y	 rs4734646	0.0495800	      NA
    y	 rs2387618	0.0532600	      NA
    y	 rs7000750	0.0554900	      NA
    y	  rs627350	0.0555200	      NA
    y	 rs1269693	0.0559700	      NA
    y	 rs2918073	0.0563600	      NA
    y	 rs1470517	0.0568500	      NA
    y	 rs2460221	0.0570400	      NA
    y	 rs6468799	0.0572600	      NA
    y	rs10100927	0.0581800	      NA
    y	 rs2004474	0.0584100	      NA
    y	  rs285798	0.0585200	      NA
    y	 rs1693569	0.0590100	      NA
    y	 rs7013362	0.0590500	      NA
    y	 rs2853236	0.0598100	      NA
    y	  rs515024	0.0602200	      NA
    y	  rs827577	0.0613900	      NA
    y	 rs6988306	0.0617100	      NA
    y	  rs284476	0.0625600	      NA
    y	 rs2511679	0.0626400	      NA
    y	 rs4734761	0.0626800	      NA
    y	 rs4734595	0.0631100	      NA
    y	 rs4734593	0.0634600	      NA
    y	rs16868555	0.0674200	      NA
    y	rs12545537	0.0674400	      NA
    y	rs10955366	0.0689200	      NA
    y	 rs1596975	0.0689400	      NA
    y	rs10098995	0.0689800	      NA
    y	rs13274948	0.0691700	      NA
    y	 rs1460583	0.0701600	      NA
    y	 rs7004837	0.0711700	      NA
    y	rs13270802	0.0719600	      NA
    y	 rs2470622	0.0723600	      NA
    y	  rs998201	0.0739700	      NA
    y	 rs4075572	0.0754000	      NA
    y	rs16868855	0.0754600	      NA
    y	 rs1693566	0.0759000	      NA
    y	 rs3018438	0.0762000	      NA
    y	rs12677471	0.0776600	      NA
    y	 rs2045673	0.0784900	      NA
    y	 rs1814492	0.0786700	      NA
    y	 rs1073373	0.0795400	      NA
    y	 rs1061196	0.0808900	      NA
    y	 rs2513899	0.0817800	      NA
    y	rs16870826	0.0891300	      NA
    y	 rs4734804	0.0896400	      NA
    y	  rs768388	0.0902400	      NA
    y	 rs6468795	0.0903700	      NA
    y	 rs6993923	0.0912600	      NA
    y	  rs477351	0.0923100	      NA
    y	rs13268773	0.0929200	      NA
    y	 rs9297302	0.0954700	      NA
    y	rs16869518	0.0955300	      NA
    y	  rs501344	0.0958900	      NA
    y	 rs1529796	0.0963500	      NA
    y	 rs7836225	0.0979200	      NA
    y	rs10505072	0.1033000	      NA
    y	rs13248449	0.1042000	      NA
    y	rs16868262	0.1052000	      NA
    y	  rs563201	0.1057000	      NA
    y	  rs503342	0.1077000	      NA
    y	 rs2511758	0.1090000	      NA
    y	 rs2511605	0.1105000	      NA
    y	rs17192765	0.1131000	      NA
    y	  rs728378	0.1143000	      NA
    y	rs16868250	0.1151000	      NA
    y	kgp3059731	0.1152000	      NA
    y	rs10505031	0.1152000	      NA
    y	 rs4734021	0.1170000	      NA
    y	rs10505035	0.1172000	      NA
    y	rs10099482	0.1173000	      NA
    y	 rs1991924	0.1173000	      NA
    y	 rs2512408	0.1174000	      NA
    y	rs17228538	0.1184000	      NA
    y	  rs513159	0.1225000	      NA
    y	  rs614961	0.1230000	      NA
    y	  rs652008	0.1230000	      NA
    y	 rs2511690	0.1237000	      NA
    y	 rs1264202	0.1257000	      NA
    y	 rs7828198	0.1276000	      NA
    y	 rs1533242	0.1284000	      NA
    y	rs11785583	0.1286000	      NA
    y	 rs6999959	0.1293000	      NA
    y	rs13276224	0.1295000	      NA
    y	 rs1962961	0.1297000	      NA
    y	 rs2454015	0.1300000	      NA
    y	 rs3133284	0.1303000	      NA
    y	 rs2155235	0.1313000	      NA
    y	rs10093584	0.1322000	      NA
    y	rs10955246	0.1331000	      NA
    y	rs12545512	0.1331000	      NA
    y	 rs1693587	0.1344000	      NA
    y	 rs1545370	0.1348000	      NA
    y	 rs2978094	0.1385000	      NA
    y	rs10091132	0.1409000	      NA
    y	 rs2513920	0.1412000	      NA
    y	rs10097948	0.1429000	      NA
    y	 rs4317537	0.1452000	      NA
    y	rs10105450	0.1453000	      NA
    y	rs16869676	0.1455000	      NA
    y	 rs3101274	0.1464000	      NA
    y	 rs1521776	0.1466000	      NA
    y	 rs2048549	0.1485000	      NA
    y	 rs7004284	0.1485000	      NA
    y	  rs470801	0.1487000	      NA
    y	rs13279448	0.1494000	      NA
    y	 rs4734684	0.1496000	      NA
    y	rs13278098	0.1501000	      NA
    y	rs16868178	0.1502000	      NA
    y	 rs2513897	0.1507000	      NA
    y	rs16867692	0.1511000	      NA
    y	 rs2380244	0.1523000	      NA
    y	rs12679911	0.1528000	      NA
    y	rs16869497	0.1531000	      NA
    y	 rs4734695	0.1538000	      NA
    y	 rs7839156	0.1561000	      NA
    y	 rs4734512	0.1580000	      NA
    y	rs16868908	0.1600000	      NA
    y	  rs622435	0.1611000	      NA
    y	 rs1460235	0.1634000	      NA
    y	rs10107483	0.1638000	      NA
    y	exm2266665	0.1651000	      NA
    y	 rs7845210	0.1662000	      NA
    y	 rs1019976	0.1663000	      NA
    y	 rs1062048	0.1663000	      NA
    y	exm2271006	0.1674000	      NA
    y	rs12335167	0.1702000	      NA
    y	rs10107615	0.1705000	      NA
    y	 rs1032469	0.1717000	      NA
    y	 rs7816488	0.1720000	      NA
    y	 rs4734049	0.1724000	      NA
    y	rs17398001	0.1741000	      NA
    y	 rs3098217	0.1743000	      NA
    y	 rs2388784	0.1748000	      NA
    y	 rs7017809	0.1752000	      NA
    y	 rs2511674	0.1753000	      NA
    y	 rs9283939	0.1753000	      NA
    y	 rs1110115	0.1759000	      NA
    y	 rs1438353	0.1760000	      NA
    y	 rs3098233	0.1765000	      NA
    y	 rs1865855	0.1783000	      NA
    y	rs17460250	0.1806000	      NA
    y	rs16869664	0.1818000	      NA
    y	 rs2607662	0.1906000	      NA
    y	rs11985451	0.1926000	      NA
    y	  rs987474	0.1947000	      NA
    y	 rs2978087	0.1964000	      NA
    y	 rs2085769	0.1976000	      NA
    y	  rs285809	0.1992000	      NA
    y	  rs478917	0.2006000	      NA
    y	 rs2387333	0.2011000	      NA
    y	 rs3098241	0.2043000	      NA
    y	rs16898881	0.2073000	      NA
    y	 rs1845430	0.2081000	      NA
    y	 rs2436868	0.2087000	      NA
    y	rs13278975	0.2106000	      NA
    y	  rs543736	0.2106000	      NA
    y	 rs2458424	0.2146000	      NA
    y	 rs3134373	0.2151000	      NA
    y	 rs3134296	0.2156000	      NA
    y	 rs9656787	0.2171000	      NA
    y	rs11775734	0.2176000	      NA
    y	 rs2511662	0.2176000	      NA
    y	 rs2441701	0.2177000	      NA
    y	  rs472963	0.2192000	      NA
    y	 rs2445948	0.2199000	      NA
    y	 rs6468847	0.2201000	      NA
    y	rs10094106	0.2213000	      NA
    y	 rs7815583	0.2221000	      NA
    y	 rs2853238	0.2229000	      NA
    y	rs17817357	0.2234000	      NA
    y	rs13259052	0.2237000	      NA
    y	 rs2513905	0.2257000	      NA
    y	rs13248227	0.2265000	      NA
    y	  rs919953	0.2266000	      NA
    y	 exm714226	0.2267000	      NA
    y	exm2262395	0.2274000	      NA
    y	  rs556388	0.2276000	      NA
    y	 rs1269695	0.2281000	      NA
    y	rs11552577	0.2288000	      NA
    y	  rs550281	0.2296000	      NA
    y	 rs7001476	0.2300000	      NA
    y	 rs7815631	0.2321000	      NA
    y	 rs2685536	0.2324000	      NA
    y	rs10955255	0.2326000	      NA
    y	rs13275783	0.2326000	      NA
    y	 rs2669425	0.2330000	      NA
    y	 rs1265122	0.2338000	      NA
    y	 rs2978431	0.2341000	      NA
    y	 rs3110295	0.2344000	      NA
    y	  rs687542	0.2346000	      NA
    y	rs17476242	0.2347000	      NA
    y	 rs4299971	0.2352000	      NA
    y	rs13268122	0.2354000	      NA
    y	  rs899296	0.2359000	      NA
    y	  rs635670	0.2364000	      NA
    y	 rs2458415	0.2369000	      NA
    y	 rs1497456	0.2370000	      NA
    y	 rs1265151	0.2375000	      NA
    y	  rs671557	0.2386000	      NA
    y	    rs1325	0.2389000	      NA
    y	 rs1513025	0.2389000	      NA
    y	 rs3737535	0.2389000	      NA
    y	 rs3824090	0.2390000	      NA
    y	 rs2511628	0.2415000	      NA
    y	 rs3824091	0.2419000	      NA
    y	 rs6980591	0.2438000	      NA
    y	 rs6468861	0.2444000	      NA
    y	rs13252107	0.2446000	      NA
    y	 rs2453994	0.2453000	      NA
    y	rs11994981	0.2478000	      NA
    y	 rs2679758	0.2508000	      NA
    y	  rs533968	0.2509000	      NA
    y	  rs284494	0.2517000	      NA
    y	 rs7000266	0.2522000	      NA
    y	 rs1269711	0.2557000	      NA
    y	 rs2853132	0.2560000	      NA
    y	 rs2458422	0.2565000	      NA
    y	  rs750606	0.2565000	      NA
    y	 rs7814951	0.2581000	      NA
    y	 rs6989650	0.2585000	      NA
    y	 rs7844324	0.2599000	      NA
    y	 rs2298840	0.2606000	      NA
    y	 rs6993937	0.2612000	      NA
    y	 rs4734560	0.2648000	      NA
    y	 rs7823558	0.2651000	      NA
    y	rs11786065	0.2657000	      NA
    y	 rs2437769	0.2664000	      NA
    y	 rs4734509	0.2677000	      NA
    y	rs16868198	0.2694000	      NA
    y	 rs2918072	0.2710000	      NA
    y	 rs1593501	0.2722000	      NA
    y	rs13250690	0.2733000	      NA
    y	rs10505039	0.2737000	      NA
    y	  rs977396	0.2745000	      NA
    y	 rs4002957	0.2748000	      NA
    y	 rs1265119	0.2749000	      NA
    y	rs12548629	0.2750000	      NA
    y	rs16870106	0.2750000	      NA
    y	rs16870112	0.2792000	      NA
    y	 rs4734609	0.2810000	      NA
    y	  rs930383	0.2811000	      NA
    y	rs12544769	0.2816000	      NA
    y	 rs1374526	0.2826000	      NA
    y	 rs4734014	0.2827000	      NA
    y	 rs2514658	0.2844000	      NA
    y	 rs4734546	0.2846000	      NA
    y	 rs9297330	0.2860000	      NA
    y	rs16867971	0.2861000	      NA
    y	  rs501493	0.2874000	      NA
    y	 rs2511660	0.2875000	      NA
    y	  rs875503	0.2892000	      NA
    y	 rs3893206	0.2905000	      NA
    y	 rs1080599	0.2931000	      NA
    y	 rs1131863	0.2939000	      NA
    y	rs10505025	0.2940000	      NA
    y	  rs922466	0.2944000	      NA
    y	rs10955282	0.2949000	      NA
    y	  rs284500	0.2949000	      NA
    y	  rs747822	0.2970000	      NA
    y	 rs1374498	0.2974000	      NA
    y	 rs2029997	0.2974000	      NA
    y	rs16868739	0.2978000	      NA
    y	rs16867839	0.2981000	      NA
    y	rs11781860	0.2984000	      NA
    y	 rs2441822	0.2984000	      NA
    y	 rs2436854	0.2998000	      NA
    y	 rs3133803	0.3020000	      NA
    y	 rs7840970	0.3020000	      NA
    y	 rs2436932	0.3023000	      NA
    y	 rs1176675	0.3024000	      NA
    y	 rs3105439	0.3026000	      NA
    y	rs12056810	0.3031000	      NA
    y	 rs2436856	0.3076000	      NA
    y	 rs9642972	0.3096000	      NA
    y	rs10098920	0.3107000	      NA
    y	rs10111484	0.3111000	      NA
    y	 rs1465164	0.3132000	      NA
    y	 rs3793355	0.3133000	      NA
    y	 exm714024	0.3149000	      NA
    y	  rs827528	0.3149000	      NA
    y	  rs643556	0.3155000	      NA
    y	 rs2436916	0.3156000	      NA
    y	 rs2511718	0.3171000	      NA
    y	 rs1158921	0.3182000	      NA
    y	 rs2458285	0.3186000	      NA
    y	 rs1981361	0.3198000	      NA
    y	 rs6991677	0.3198000	      NA
    y	  rs983674	0.3204000	      NA
    y	 rs6990501	0.3209000	      NA
    y	 rs9642980	0.3222000	      NA
    y	rs11785772	0.3223000	      NA
    y	 rs4734754	0.3227000	      NA
    y	 rs2441864	0.3246000	      NA
    y	rs11784616	0.3274000	      NA
    y	 rs2513925	0.3286000	      NA
    y	 rs2155939	0.3288000	      NA
    y	 rs2880074	0.3315000	      NA
    y	  rs474949	0.3326000	      NA
    y	 rs1693543	0.3329000	      NA
    y	 rs2458283	0.3330000	      NA
    y	 rs6985943	0.3335000	      NA
    y	 rs1529605	0.3346000	      NA
    y	 rs2935545	0.3358000	      NA
    y	rs11986282	0.3360000	      NA
    y	  rs515743	0.3382000	      NA
    y	  rs895602	0.3391000	      NA
    y	 rs1318752	0.3407000	      NA
    y	 rs2669429	0.3412000	      NA
    y	rs16870364	0.3413000	      NA
    y	 rs3931977	0.3416000	      NA
    y	  rs581610	0.3422000	      NA
    y	rs17393430	0.3423000	      NA
    y	 rs1892756	0.3430000	      NA
    y	 rs1545699	0.3435000	      NA
    y	 rs1055376	0.3448000	      NA
    y	 rs3107547	0.3448000	      NA
    y	 rs1892754	0.3475000	      NA
    y	 rs1438342	0.3481000	      NA
    y	 rs2511736	0.3490000	      NA
    y	 rs2127035	0.3498000	      NA
    y	rs16869132	0.3528000	      NA
    y	 rs2514666	0.3539000	      NA
    y	rs16867610	0.3551000	      NA
    y	  rs525817	0.3559000	      NA
    y	rs12547834	0.3574000	      NA
    y	 rs2280010	0.3578000	      NA
    y	 rs6468957	0.3584000	      NA
    y	 rs6468813	0.3589000	      NA
    y	 rs2512411	0.3602000	      NA
    y	 rs7832497	0.3611000	      NA
    y	 rs2441863	0.3629000	      NA
    y	 rs7823289	0.3630000	      NA
    y	 rs2511558	0.3644000	      NA
    y	 rs2131860	0.3646000	      NA
    y	 rs2220826	0.3646000	      NA
    y	 rs3019270	0.3670000	      NA
    y	 rs2132643	0.3693000	      NA
    y	 rs7826367	0.3693000	      NA
    y	 rs2436893	0.3702000	      NA
    y	 rs2135121	0.3723000	      NA
    y	rs13259960	0.3726000	      NA
    y	rs13279158	0.3726000	      NA
    y	rs16898766	0.3755000	      NA
    y	 rs2053741	0.3761000	      NA
    y	 rs3956319	0.3773000	      NA
    y	rs10092729	0.3786000	      NA
    y	 rs4276657	0.3787000	      NA
    y	  rs827540	0.3804000	      NA
    y	 rs6468757	0.3815000	      NA
    y	 rs2679745	0.3816000	      NA
    y	 rs4512347	0.3824000	      NA
    y	rs17414527	0.3828000	      NA
    y	 rs1494272	0.3836000	      NA
    y	 rs7834353	0.3839000	      NA
    y	rs10100692	0.3854000	      NA
    y	 rs4734030	0.3857000	      NA
    y	  rs508386	0.3864000	      NA
    y	rs10955359	0.3879000	      NA
    y	 rs7829693	0.3884000	      NA
    y	rs11774835	0.3892000	      NA
    y	 rs1355691	0.3893000	      NA
    y	rs13278305	0.3921000	      NA
    y	 rs9642967	0.3931000	      NA
    y	 rs1865336	0.3935000	      NA
    y	  rs633142	0.3943000	      NA
    y	 rs2453997	0.3967000	      NA
    y	rs11776754	0.3983000	      NA
    y	 rs3105453	0.3993000	      NA
    y	 rs3808551	0.3995000	      NA
    y	 exm714594	0.3997000	      NA
    y	rs10955293	0.4002000	      NA
    y	 rs6468782	0.4006000	      NA
    y	 rs6982001	0.4013000	      NA
    y	 rs2436949	0.4067000	      NA
    y	 rs6468749	0.4071000	      NA
    y	rs17414857	0.4087000	      NA
    y	 rs7835769	0.4104000	      NA
    y	  rs587946	0.4112000	      NA
    y	exm2270903	0.4119000	      NA
    y	 rs1347779	0.4119000	      NA
    y	 rs9297349	0.4141000	      NA
    y	  rs844137	0.4143000	      NA
    y	rs16869295	0.4145000	      NA
    y	 rs2458431	0.4148000	      NA
    y	rs17821383	0.4170000	      NA
    y	 rs1474412	0.4182000	      NA
    y	 rs2515190	0.4205000	      NA
    y	 rs3108908	0.4208000	      NA
    y	 rs6987078	0.4243000	      NA
    y	 rs3824225	0.4247000	      NA
    y	exm2258566	0.4249000	      NA
    y	  rs285839	0.4249000	      NA
    y	 exm713492	0.4251000	      NA
    y	 rs2333871	0.4260000	      NA
    y	 rs7821398	0.4266000	      NA
    y	 rs2978107	0.4277000	      NA
    y	 rs2515206	0.4279000	      NA
    y	rs16899096	0.4312000	      NA
    y	 rs2441919	0.4326000	      NA
    y	 rs1892753	0.4329000	      NA
    y	rs12679969	0.4336000	      NA
    y	 rs7819080	0.4336000	      NA
    y	 rs4734497	0.4337000	      NA
    y	 rs7004470	0.4343000	      NA
    y	 rs2509767	0.4360000	      NA
    y	 rs1438346	0.4387000	      NA
    y	rs16867810	0.4387000	      NA
    y	rs10505007	0.4404000	      NA
    y	  rs670006	0.4413000	      NA
    y	 rs2458290	0.4435000	      NA
    y	 rs2460222	0.4441000	      NA
    y	  rs924164	0.4453000	      NA
    y	 rs2436901	0.4459000	      NA
    y	 rs2511760	0.4459000	      NA
    y	  rs660416	0.4467000	      NA
    y	rs10955257	0.4469000	      NA
    y	  rs954782	0.4472000	      NA
    y	  rs618854	0.4474000	      NA
    y	rs13264598	0.4482000	      NA
    y	rs10282818	0.4498000	      NA
    y	rs12545436	0.4510000	      NA
    y	 rs3105438	0.4513000	      NA
    y	 rs1786349	0.4520000	      NA
    y	 rs1111908	0.4525000	      NA
    y	 rs2935548	0.4534000	      NA
    y	 rs2454039	0.4555000	      NA
    y	 rs2441921	0.4565000	      NA
    y	 rs1451640	0.4574000	      NA
    y	 rs4734644	0.4587000	      NA
    y	 rs3115893	0.4588000	      NA
    y	 rs2454043	0.4592000	      NA
    y	 exm714557	0.4593000	      NA
    y	 rs2169166	0.4593000	      NA
    y	 rs1000461	0.4599000	      NA
    y	 rs2100097	0.4604000	      NA
    y	  rs479690	0.4607000	      NA
    y	rs10505029	0.4612000	      NA
    y	 rs7829540	0.4612000	      NA
    y	rs10808374	0.4633000	      NA
    y	 rs6991188	0.4633000	      NA
    y	 rs1264477	0.4641000	      NA
    y	rs10086971	0.4649000	      NA
    y	 rs6991144	0.4656000	      NA
    y	 rs3105429	0.4657000	      NA
    y	 rs1693590	0.4671000	      NA
    y	  rs746769	0.4672000	      NA
    y	rs13439041	0.4676000	      NA
    y	 rs1893533	0.4677000	      NA
    y	 rs1398270	0.4683000	      NA
    y	 rs1148489	0.4688000	      NA
    y	 rs9773443	0.4688000	      NA
    y	rs12547291	0.4712000	      NA
    y	rs13255392	0.4717000	      NA
    y	 rs2514668	0.4732000	      NA
    y	  rs681304	0.4733000	      NA
    y	rs10481053	0.4745000	      NA
    y	  rs895625	0.4746000	      NA
    y	 rs3923790	0.4766000	      NA
    y	rs10955290	0.4776000	      NA
    y	 rs2333874	0.4783000	      NA
    y	  rs285802	0.4788000	      NA
    y	 rs3907099	0.4798000	      NA
    y	 rs2173214	0.4804000	      NA
    y	 rs1978752	0.4806000	      NA
    y	rs11786397	0.4810000	      NA
    y	rs17265772	0.4815000	      NA
    y	 rs3107548	0.4842000	      NA
    y	 rs7839884	0.4852000	      NA
    y	 rs6987653	0.4858000	      NA
    y	 rs6468909	0.4875000	      NA
    y	 rs7461146	0.4875000	      NA
    y	  rs924165	0.4877000	      NA
    y	 rs2511745	0.4888000	      NA
    y	  rs678839	0.4919000	      NA
    y	rs10113728	0.4921000	      NA
    y	 rs4734087	0.4933000	      NA
    y	 rs1893535	0.4968000	      NA
    y	 rs2441706	0.4999000	      NA
    y	  rs642074	0.5005000	      NA
    y	  rs285818	0.5019000	      NA
    y	 rs7829974	0.5035000	      NA
    y	  rs703810	0.5047000	      NA
    y	 rs3133539	0.5062000	      NA
    y	 rs2436908	0.5085000	      NA
    y	 rs3098218	0.5085000	      NA
    y	rs11988192	0.5086000	      NA
    y	 rs2511748	0.5089000	      NA
    y	 rs2441704	0.5099000	      NA
    y	 rs1264478	0.5107000	      NA
    y	 rs1460586	0.5107000	      NA
    y	  rs567113	0.5110000	      NA
    y	 rs2513927	0.5113000	      NA
    y	 rs6468837	0.5122000	      NA
    y	 rs2441703	0.5137000	      NA
    y	 rs2454000	0.5139000	      NA
    y	  rs508148	0.5142000	      NA
    y	 rs2515200	0.5151000	      NA
    y	rs10505058	0.5159000	      NA
    y	 rs3110474	0.5163000	      NA
    y	 rs2441845	0.5168000	      NA
    y	 rs3133810	0.5169000	      NA
    y	 rs1317472	0.5195000	      NA
    y	  rs285823	0.5202000	      NA
    y	  rs776263	0.5224000	      NA
    y	rs13280230	0.5226000	      NA
    y	rs11777942	0.5236000	      NA
    y	rs11996948	0.5273000	      NA
    y	  rs486196	0.5283000	      NA
    y	  rs285862	0.5288000	      NA
    y	rs17462921	0.5312000	      NA
    y	rs16870038	0.5320000	      NA
    y	rs16870018	0.5334000	      NA
    y	 rs2511688	0.5366000	      NA
    y	rs13249179	0.5389000	      NA
    y	 rs2948451	0.5392000	      NA
    y	rs10808393	0.5406000	      NA
    y	rs11994674	0.5414000	      NA
    y	 rs7005727	0.5417000	      NA
    y	 rs1917727	0.5433000	      NA
    y	 rs2387625	0.5452000	      NA
    y	 rs2458286	0.5457000	      NA
    y	  rs601588	0.5465000	      NA
    y	rs10097250	0.5474000	      NA
    y	 rs1374520	0.5479000	      NA
    y	 rs1574480	0.5484000	      NA
    y	 rs1866313	0.5495000	      NA
    y	  rs668179	0.5495000	      NA
    y	  rs285811	0.5500000	      NA
    y	  rs964166	0.5515000	      NA
    y	  rs930266	0.5516000	      NA
    y	 rs2613122	0.5531000	      NA
    y	 rs1026228	0.5563000	      NA
    y	 rs7821477	0.5573000	      NA
    y	 rs1533182	0.5577000	      NA
    y	 rs2250601	0.5579000	      NA
    y	 rs7827655	0.5582000	      NA
    y	 rs3016888	0.5592000	      NA
    y	 rs2051274	0.5593000	      NA
    y	 rs4645535	0.5616000	      NA
    y	 rs4451283	0.5620000	      NA
    y	 rs1110079	0.5625000	      NA
    y	 rs2441709	0.5650000	      NA
    y	 rs2436930	0.5653000	      NA
    y	 rs4609174	0.5654000	      NA
    y	 rs7010198	0.5659000	      NA
    y	exm2266666	0.5666000	      NA
    y	 rs1052069	0.5671000	      NA
    y	rs10955258	0.5681000	      NA
    y	 rs1039153	0.5682000	      NA
    y	 rs1264866	0.5713000	      NA
    y	 rs3793358	0.5719000	      NA
    y	 rs1347603	0.5724000	      NA
    y	 exm714205	0.5730000	      NA
    y	  rs475207	0.5735000	      NA
    y	 rs7004923	0.5741000	      NA
    y	 rs3115892	0.5752000	      NA
    y	 rs6996970	0.5772000	      NA
    y	 rs2436889	0.5774000	      NA
    y	  rs703808	0.5780000	      NA
    y	 rs1813835	0.5785000	      NA
    y	 exm713146	0.5788000	      NA
    y	rs16871365	0.5797000	      NA
    y	 rs4546625	0.5815000	      NA
    y	 rs9649919	0.5853000	      NA
    y	 rs2458413	0.5866000	      NA
    y	  rs827584	0.5873000	      NA
    y	 rs2469666	0.5880000	      NA
    y	rs16869269	0.5886000	      NA
    y	 rs2513929	0.5893000	      NA
    y	 rs2454025	0.5894000	      NA
    y	  rs892503	0.5900000	      NA
    y	 rs1317221	0.5907000	      NA
    y	 rs2959025	0.5907000	      NA
    y	rs13278114	0.5915000	      NA
    y	rs10111377	0.5919000	      NA
    y	 rs4734522	0.5932000	      NA
    y	 rs7011529	0.5944000	      NA
    y	 rs6468764	0.5947000	      NA
    y	 rs9886429	0.5951000	      NA
    y	  rs572589	0.5972000	      NA
    y	 rs2575700	0.5974000	      NA
    y	  rs751603	0.5992000	      NA
    y	 rs1269701	0.5993000	      NA
    y	 rs4269511	0.5997000	      NA
    y	  rs871187	0.5997000	      NA
    y	  rs682769	0.6002000	      NA
    y	 rs3884501	0.6009000	      NA
    y	rs11782632	0.6013000	      NA
    y	rs17803441	0.6027000	      NA
    y	rs10505018	0.6053000	      NA
    y	 rs1111912	0.6071000	      NA
    y	rs13249350	0.6083000	      NA
    y	  rs999738	0.6083000	      NA
    y	 rs1106867	0.6091000	      NA
    y	  rs752036	0.6094000	      NA
    y	rs12334499	0.6097000	      NA
    y	  rs480482	0.6127000	      NA
    y	rs16918482	0.6133000	      NA
    y	 rs1992214	0.6133000	      NA
    y	 exm714182	0.6140000	      NA
    y	rs17819924	0.6144000	      NA
    y	rs10955312	0.6161000	      NA
    y	 rs7814017	0.6185000	      NA
    y	  rs192604	0.6186000	      NA
    y	 rs2436891	0.6193000	      NA
    y	 rs2599528	0.6198000	      NA
    y	rs10102933	0.6199000	      NA
    y	rs10955311	0.6206000	      NA
    y	 rs1123406	0.6208000	      NA
    y	rs16872085	0.6214000	      NA
    y	  rs474304	0.6215000	      NA
    y	  rs979671	0.6220000	      NA
    y	 rs7830150	0.6225000	      NA
    y	 rs1693586	0.6266000	      NA
    y	rs12335148	0.6283000	      NA
    y	 rs6998032	0.6295000	      NA
    y	exm2266663	0.6302000	      NA
    y	rs10093422	0.6308000	      NA
    y	rs17397323	0.6321000	      NA
    y	rs16870249	0.6351000	      NA
    y	 rs1469764	0.6359000	      NA
    y	 rs4734825	0.6361000	      NA
    y	 rs4734674	0.6364000	      NA
    y	 rs4734731	0.6378000	      NA
    y	 rs3134287	0.6435000	      NA
    y	 rs1000672	0.6475000	      NA
    y	rs10112963	0.6494000	      NA
    y	 rs3134370	0.6505000	      NA
    y	rs16869515	0.6532000	      NA
    y	exm2266668	0.6545000	      NA
    y	 rs7833656	0.6551000	      NA
    y	rs10481102	0.6556000	      NA
    y	 rs2513940	0.6557000	      NA
    y	 rs2436867	0.6562000	      NA
    y	 rs7000754	0.6568000	      NA
    y	rs13254653	0.6585000	      NA
    y	rs10099640	0.6627000	      NA
    y	 rs4734668	0.6628000	      NA
    y	 rs1391117	0.6638000	      NA
    y	 rs7834249	0.6640000	      NA
    y	 rs4734641	0.6645000	      NA
    y	 rs7825005	0.6653000	      NA
    y	  rs571241	0.6699000	      NA
    y	 rs9642982	0.6708000	      NA
    y	 rs3133836	0.6711000	      NA
    y	 rs3016889	0.6713000	      NA
    y	 rs1812215	0.6716000	      NA
    y	 rs2570940	0.6717000	      NA
    y	 rs6991019	0.6731000	      NA
    y	 rs6992873	0.6737000	      NA
    y	 rs1693552	0.6746000	      NA
    y	 rs7841955	0.6746000	      NA
    y	  rs650884	0.6749000	      NA
    y	  rs570630	0.6757000	      NA
    y	 rs2853172	0.6758000	      NA
    y	rs16870033	0.6777000	      NA
    y	 rs1693551	0.6785000	      NA
    y	  rs608799	0.6789000	      NA
    y	rs10111792	0.6808000	      NA
    y	 rs2201369	0.6813000	      NA
    y	  rs776260	0.6817000	      NA
    y	 rs2253336	0.6843000	      NA
    y	 rs2047375	0.6884000	      NA
    y	 rs3019159	0.6900000	      NA
    y	 rs1497455	0.6914000	      NA
    y	 rs7840976	0.6959000	      NA
    y	 rs2515173	0.6973000	      NA
    y	  rs719842	0.6976000	      NA
    y	 rs7009643	0.6998000	      NA
    y	 rs2096548	0.7014000	      NA
    y	 rs2513873	0.7026000	      NA
    y	 rs4734664	0.7035000	      NA
    y	 rs2923774	0.7043000	      NA
    y	rs16869246	0.7045000	      NA
    y	 rs2853177	0.7050000	      NA
    y	 rs4734663	0.7053000	      NA
    y	  rs827541	0.7069000	      NA
    y	  rs507201	0.7076000	      NA
    y	rs12543038	0.7082000	      NA
    y	  rs827594	0.7089000	      NA
    y	 rs2513926	0.7111000	      NA
    y	 rs9987401	0.7121000	      NA
    y	 rs1269707	0.7127000	      NA
    y	  rs871561	0.7140000	      NA
    y	 rs4734518	0.7157000	      NA
    y	  rs682660	0.7159000	      NA
    y	  rs898560	0.7171000	      NA
    y	 rs3736042	0.7184000	      NA
    y	 rs4549737	0.7196000	      NA
    y	 rs2169164	0.7201000	      NA
    y	 rs7018179	0.7207000	      NA
    y	 rs2513896	0.7220000	      NA
    y	 rs2436952	0.7234000	      NA
    y	rs10110783	0.7243000	      NA
    y	 rs6468833	0.7245000	      NA
    y	rs11996084	0.7251000	      NA
    y	 rs3105433	0.7266000	      NA
    y	 rs7017690	0.7269000	      NA
    y	 rs2131858	0.7270000	      NA
    y	 rs6999622	0.7279000	      NA
    y	 rs1434277	0.7296000	      NA
    y	 rs7007146	0.7298000	      NA
    y	 rs7018164	0.7306000	      NA
    y	 rs6468747	0.7308000	      NA
    y	 rs1403294	0.7313000	      NA
    y	 rs1111909	0.7316000	      NA
    y	rs13439166	0.7322000	      NA
    y	  rs285774	0.7323000	      NA
    y	rs11986776	0.7354000	      NA
    y	 rs7816400	0.7356000	      NA
    y	rs13274698	0.7358000	      NA
    y	 rs1898254	0.7412000	      NA
    y	rs13258732	0.7423000	      NA
    y	rs10955309	0.7424000	      NA
    y	rs10505016	0.7428000	      NA
    y	rs12707772	0.7445000	      NA
    y	 rs2469970	0.7473000	      NA
    y	 rs2514616	0.7476000	      NA
    y	rs16872183	0.7483000	      NA
    y	rs12681417	0.7485000	      NA
    y	rs16899055	0.7486000	      NA
    y	 rs6983249	0.7492000	      NA
    y	  rs776272	0.7510000	      NA
    y	 rs6983436	0.7513000	      NA
    y	 rs2853160	0.7527000	      NA
    y	  rs476321	0.7528000	      NA
    y	 rs1020826	0.7529000	      NA
    y	rs12680146	0.7600000	      NA
    y	 rs6982566	0.7600000	      NA
    y	rs12680064	0.7603000	      NA
    y	 rs3104033	0.7610000	      NA
    y	 rs4734484	0.7610000	      NA
    y	  rs529802	0.7627000	      NA
    y	 rs1031720	0.7635000	      NA
    y	 rs9297354	0.7635000	      NA
    y	 rs2923772	0.7637000	      NA
    y	 rs4734783	0.7640000	      NA
    y	rs17188664	0.7651000	      NA
    y	 rs2226399	0.7677000	      NA
    y	 rs2304344	0.7677000	      NA
    y	 rs3750187	0.7689000	      NA
    y	 rs3018437	0.7697000	      NA
    y	 rs7821200	0.7711000	      NA
    y	 rs2853143	0.7714000	      NA
    y	 rs1573312	0.7735000	      NA
    y	 rs6468904	0.7737000	      NA
    y	 rs7829807	0.7749000	      NA
    y	rs16871364	0.7754000	      NA
    y	 rs1786342	0.7766000	      NA
    y	rs10955332	0.7768000	      NA
    y	 rs6982161	0.7786000	      NA
    y	 rs1623102	0.7798000	      NA
    y	rs11987160	0.7799000	      NA
    y	 rs2168689	0.7812000	      NA
    y	 rs4734487	0.7827000	      NA
    y	rs17364251	0.7854000	      NA
    y	rs10100732	0.7859000	      NA
    y	 rs2099408	0.7876000	      NA
    y	  rs556059	0.7885000	      NA
    y	rs11783979	0.7889000	      NA
    y	 rs2515210	0.7893000	      NA
    y	 rs3108910	0.7894000	      NA
    y	 rs7007251	0.7912000	      NA
    y	 rs1318739	0.7913000	      NA
    y	rs12543306	0.7915000	      NA
    y	 rs2155882	0.7936000	      NA
    y	  rs703811	0.7937000	      NA
    y	  rs566942	0.7940000	      NA
    y	rs16898906	0.7962000	      NA
    y	 rs2454014	0.7964000	      NA
    y	  rs506389	0.7976000	      NA
    y	rs16870228	0.7982000	      NA
    y	 rs1607910	0.7985000	      NA
    y	 rs2454013	0.7986000	      NA
    y	 rs2135126	0.8002000	      NA
    y	rs12549681	0.8007000	      NA
    y	 rs1076030	0.8031000	      NA
    y	rs17468203	0.8031000	      NA
    y	 rs1947124	0.8031000	      NA
    y	 rs1265139	0.8068000	      NA
    y	  rs608337	0.8076000	      NA
    y	  rs518898	0.8101000	      NA
    y	 rs3110468	0.8107000	      NA
    y	  rs628793	0.8121000	      NA
    y	  rs615581	0.8133000	      NA
    y	 rs6991780	0.8159000	      NA
    y	 rs2436863	0.8173000	      NA
    y	rs12546843	0.8176000	      NA
    y	rs28472843	0.8180000	      NA
    y	rs13261195	0.8196000	      NA
    y	rs13270175	0.8217000	      NA
    y	 rs4734660	0.8228000	      NA
    y	 rs3735715	0.8253000	      NA
    y	rs10808389	0.8258000	      NA
    y	 rs3133278	0.8267000	      NA
    y	 rs6992385	0.8285000	      NA
    y	 rs7001084	0.8287000	      NA
    y	 rs7009527	0.8293000	      NA
    y	  rs666026	0.8307000	      NA
    y	 rs2942570	0.8309000	      NA
    y	 rs2449911	0.8322000	      NA
    y	  rs285787	0.8335000	      NA
    y	  rs471757	0.8347000	      NA
    y	 rs1473541	0.8355000	      NA
    y	rs17234011	0.8384000	      NA
    y	 rs6468862	0.8389000	      NA
    y	  rs718262	0.8389000	      NA
    y	rs13258575	0.8390000	      NA
    y	  rs488780	0.8407000	      NA
    y	rs16869352	0.8445000	      NA
    y	rs10955279	0.8450000	      NA
    y	 rs2668880	0.8452000	      NA
    y	rs17201443	0.8466000	      NA
    y	 rs6468864	0.8483000	      NA
    y	rs11777589	0.8485000	      NA
    y	rs11785425	0.8493000	      NA
    y	 rs1786331	0.8500000	      NA
    y	 rs3204695	0.8529000	      NA
    y	rs16872439	0.8542000	      NA
    y	 rs2293982	0.8554000	      NA
    y	 rs9297306	0.8556000	      NA
    y	 rs2853229	0.8564000	      NA
    y	 rs6990385	0.8580000	      NA
    y	 rs1982970	0.8588000	      NA
    y	 rs3019260	0.8591000	      NA
    y	 rs2509765	0.8600000	      NA
    y	 rs4358773	0.8602000	      NA
    y	rs17509019	0.8609000	      NA
    y	 rs9642793	0.8648000	      NA
    y	 rs2513941	0.8655000	      NA
    y	 rs3105460	0.8657000	      NA
    y	  rs713368	0.8660000	      NA
    y	  rs166995	0.8679000	      NA
    y	 rs2511694	0.8694000	      NA
    y	exm2266667	0.8695000	      NA
    y	 rs4236772	0.8695000	      NA
    y	 rs2241777	0.8704000	      NA
    y	 rs2853149	0.8709000	      NA
    y	 rs2436915	0.8747000	      NA
    y	  rs674788	0.8760000	      NA
    y	 rs6986587	0.8785000	      NA
    y	  rs872586	0.8792000	      NA
    y	  rs575661	0.8797000	      NA
    y	  rs284496	0.8812000	      NA
    y	 rs7814838	0.8820000	      NA
    y	rs12677340	0.8831000	      NA
    y	 rs1879688	0.8855000	      NA
    y	rs10505067	0.8861000	      NA
    y	rs13273017	0.8864000	      NA
    y	 rs7819593	0.8865000	      NA
    y	 rs2935555	0.8870000	      NA
    y	 rs2511698	0.8879000	      NA
    y	  rs554232	0.8890000	      NA
    y	 rs7841186	0.8905000	      NA
    y	rs16871363	0.8916000	      NA
    y	 rs1402820	0.8937000	      NA
    y	 exm713190	0.8949000	      NA
    y	rs17194239	0.8963000	      NA
    y	 rs1874091	0.8972000	      NA
    y	 rs4734654	0.8975000	      NA
    y	 rs6981411	0.8979000	      NA
    y	 rs2047377	0.8987000	      NA
    y	rs17278434	0.9018000	      NA
    y	 rs7013304	0.9024000	      NA
    y	 rs2513892	0.9029000	      NA
    y	 rs1870590	0.9044000	      NA
    y	 rs7009612	0.9045000	      NA
    y	 rs2511692	0.9047000	      NA
    y	 rs3191333	0.9073000	      NA
    y	 rs7461951	0.9087000	      NA
    y	 rs2125917	0.9123000	      NA
    y	  rs963599	0.9124000	      NA
    y	  rs964917	0.9129000	      NA
    y	 rs1265125	0.9143000	      NA
    y	rs11996854	0.9147000	      NA
    y	 rs7813485	0.9152000	      NA
    y	 rs4734517	0.9157000	      NA
    y	 rs2387620	0.9162000	      NA
    y	 rs1447013	0.9179000	      NA
    y	  rs608236	0.9187000	      NA
    y	rs10086223	0.9188000	      NA
    y	 rs1095713	0.9195000	      NA
    y	 rs4734725	0.9195000	      NA
    y	 rs2436964	0.9203000	      NA
    y	 rs7840123	0.9222000	      NA
    y	 rs7004022	0.9226000	      NA
    y	 rs4734846	0.9234000	      NA
    y	rs12549642	0.9236000	      NA
    y	  rs827536	0.9248000	      NA
    y	 rs6985113	0.9288000	      NA
    y	 rs7828323	0.9295000	      NA
    y	  rs539674	0.9297000	      NA
    y	rs17234986	0.9309000	      NA
    y	 rs7006961	0.9315000	      NA
    y	 rs2388493	0.9365000	      NA
    y	 rs4734479	0.9365000	      NA
    y	 rs4734686	0.9381000	      NA
    y	rs10090764	0.9385000	      NA
    y	rs10089843	0.9402000	      NA
    y	 rs7014685	0.9410000	      NA
    y	 rs3847147	0.9420000	      NA
    y	  rs284486	0.9421000	      NA
    y	 rs2454007	0.9426000	      NA
    y	 rs1157213	0.9433000	      NA
    y	rs10106298	0.9457000	      NA
    y	 rs4102401	0.9464000	      NA
    y	rs11775854	0.9465000	      NA
    y	rs17804130	0.9511000	      NA
    y	 rs6468964	0.9524000	      NA
    y	 rs4734525	0.9530000	      NA
    y	 rs7826700	0.9537000	      NA
    y	 rs1868009	0.9561000	      NA
    y	 rs3808553	0.9569000	      NA
    y	rs12707776	0.9571000	      NA
    y	rs11782150	0.9575000	      NA
    y	rs10505066	0.9585000	      NA
    y	 exm714059	0.9596000	      NA
    y	 rs3107546	0.9599000	      NA
    y	rs10094658	0.9600000	      NA
    y	  rs284489	0.9604000	      NA
    y	 rs9297351	0.9626000	      NA
    y	exm2270902	0.9639000	      NA
    y	rs13263248	0.9654000	      NA
    y	 rs1053917	0.9664000	      NA
    y	 rs4734636	0.9665000	      NA
    y	 rs7821869	0.9675000	      NA
    y	 rs2304348	0.9676000	      NA
    y	 rs3735717	0.9707000	      NA
